j:\kingpin\assault\assault_sdk\release\vc142.pdb
j:\kingpin\assault\assault_sdk\release\file.obj
j:\kingpin\assault\assault_sdk\release\ep_trainyard.obj
j:\kingpin\assault\assault_sdk\release\ep_steeltown.obj
j:\kingpin\assault\assault_sdk\release\ep_skidrow.obj
j:\kingpin\assault\assault_sdk\release\ep_shipyards.obj
j:\kingpin\assault\assault_sdk\release\ep_radiocity.obj
j:\kingpin\assault\assault_sdk\release\ep_posionville.obj
j:\kingpin\assault\assault_sdk\release\ep_log.obj
j:\kingpin\assault\assault_sdk\release\ep_crystalpalace.obj
j:\kingpin\assault\assault_sdk\release\ep_all.obj
j:\kingpin\assault\assault_sdk\release\ai_whore.obj
j:\kingpin\assault\assault_sdk\release\ai_thug_sit.obj
j:\kingpin\assault\assault_sdk\release\ai_thug.obj
j:\kingpin\assault\assault_sdk\release\ai_shorty.obj
j:\kingpin\assault\assault_sdk\release\ai_runt.obj
j:\kingpin\assault\assault_sdk\release\ai_punk.obj
j:\kingpin\assault\assault_sdk\release\ai_dog.obj
j:\kingpin\assault\assault_sdk\release\ai_bum_sit.obj
j:\kingpin\assault\assault_sdk\release\ai_bitch.obj
j:\kingpin\assault\assault_sdk\release\ai_assault.obj
j:\kingpin\assault\assault_sdk\release\g_teamplay.obj
j:\kingpin\assault\assault_sdk\release\g_target.obj
j:\kingpin\assault\assault_sdk\release\g_svcmds.obj
j:\kingpin\assault\assault_sdk\release\g_spawn.obj
j:\kingpin\assault\assault_sdk\release\g_save.obj
j:\kingpin\assault\assault_sdk\release\g_phys.obj
j:\kingpin\assault\assault_sdk\release\g_pawn.obj
j:\kingpin\assault\assault_sdk\release\g_misc.obj
j:\kingpin\assault\assault_sdk\release\g_main.obj
j:\kingpin\assault\assault_sdk\release\g_joe_misc.obj
j:\kingpin\assault\assault_sdk\release\g_items.obj
j:\kingpin\assault\assault_sdk\release\g_func.obj
j:\kingpin\assault\assault_sdk\release\g_combat.obj
j:\kingpin\assault\assault_sdk\release\g_cmds.obj
j:\kingpin\assault\assault_sdk\release\g_chase.obj
j:\kingpin\assault\assault_sdk\release\g_cast.obj
j:\kingpin\assault\assault_sdk\release\g_ai_memory.obj
j:\kingpin\assault\assault_sdk\release\g_ai_fight.obj
j:\kingpin\assault\assault_sdk\release\g_ai_ents.obj
j:\kingpin\assault\assault_sdk\release\g_ai.obj
j:\kingpin\assault\assault_sdk\release\voice_punk.obj
j:\kingpin\assault\assault_sdk\release\voice_bitch.obj
j:\kingpin\assault\assault_sdk\release\voice.obj
j:\kingpin\assault\assault_sdk\release\vehicles.obj
j:\kingpin\assault\assault_sdk\release\tourney.obj
j:\kingpin\assault\assault_sdk\release\q_shared.obj
j:\kingpin\assault\assault_sdk\release\p_weapon.obj
j:\kingpin\assault\assault_sdk\release\p_view.obj
j:\kingpin\assault\assault_sdk\release\p_hud.obj
j:\kingpin\assault\assault_sdk\release\p_client.obj
j:\kingpin\assault\assault_sdk\release\m_move.obj
j:\kingpin\assault\assault_sdk\release\m_bbox.obj
j:\kingpin\assault\assault_sdk\release\g_weapon.obj
j:\kingpin\assault\assault_sdk\release\g_utils.obj
j:\kingpin\assault\assault_sdk\release\g_trigger.obj
j:\kingpin\assault\assault_sdk\release\game.tlog\cl.command.1.tlog
j:\kingpin\assault\assault_sdk\release\game.tlog\cl.read.1.tlog
j:\kingpin\assault\assault_sdk\release\game.tlog\cl.write.1.tlog
j:\kingpin\assault\assault_sdk\release\game.tlog\link.command.1.tlog
j:\kingpin\assault\assault_sdk\release\game.tlog\link.read.1.tlog
j:\kingpin\assault\assault_sdk\release\game.tlog\link.write.1.tlog
