  ai_assault.c
  ai_bitch.c
  ai_bum_sit.c
  ai_dog.c
  ai_punk.c
  ai_runt.c
  ai_shorty.c
  ai_thug.c
  ai_thug_sit.c
  ai_whore.c
  ep_all.c
  ep_crystalpalace.c
  ep_log.c
  ep_posionville.c
  ep_radiocity.c
  ep_shipyards.c
  ep_skidrow.c
  ep_steeltown.c
  ep_trainyard.c
  file.c
  Generating Code...
  Compiling...
  g_ai.c
  g_ai_ents.c
  g_ai_fight.c
  g_ai_memory.c
  g_cast.c
  G_chase.c
  g_cmds.c
  g_combat.c
  g_func.c
  g_items.c
  g_joe_misc.c
  g_main.c
  g_misc.c
  g_pawn.c
  g_phys.c
  g_save.c
  g_spawn.c
  g_svcmds.c
  g_target.c
  g_teamplay.c
  Generating Code...
  Compiling...
  g_trigger.c
  g_utils.c
  g_weapon.c
  m_bbox.c
  m_move.c
  p_client.c
  p_hud.c
  p_view.c
  p_weapon.c
  q_shared.c
  tourney.c
  vehicles.c
  voice.c
  voice_bitch.c
  voice_punk.c
  Generating Code...
     Creating library .\Release/gamex86.lib and object .\Release/gamex86.exp
  game.vcxproj -> J:\Kingpin\assault\gamex86.dll
